==1267440== Conditional jump or move depends on uninitialised value(s)
==1267440==    at 0x403203: location_validate (location.c:47)
==1267440==    by 0x401A4D: main (hw2.c:200)
==1267440== 
==1267440== Conditional jump or move depends on uninitialised value(s)
==1267440==    at 0x403215: location_validate (location.c:47)
==1267440==    by 0x401A4D: main (hw2.c:200)
==1267440== 
==1267440== Conditional jump or move depends on uninitialised value(s)
==1267440==    at 0x40322B: location_validate (location.c:47)
==1267440==    by 0x401A4D: main (hw2.c:200)
==1267440== 
==1267440== Conditional jump or move depends on uninitialised value(s)
==1267440==    at 0x403256: location_validate (location.c:47)
==1267440==    by 0x401A4D: main (hw2.c:200)
==1267440== 
==1267440== Conditional jump or move depends on uninitialised value(s)
==1267440==    at 0x403203: location_validate (location.c:47)
==1267440==    by 0x403471: location_distance_oblate (location.c:86)
==1267440==    by 0x403288: location_distance (location.c:60)
==1267440==    by 0x401E52: main (hw2.c:277)
==1267440== 
==1267440== Conditional jump or move depends on uninitialised value(s)
==1267440==    at 0x403215: location_validate (location.c:47)
==1267440==    by 0x403471: location_distance_oblate (location.c:86)
==1267440==    by 0x403288: location_distance (location.c:60)
==1267440==    by 0x401E52: main (hw2.c:277)
==1267440== 
==1267440== Conditional jump or move depends on uninitialised value(s)
==1267440==    at 0x40322B: location_validate (location.c:47)
==1267440==    by 0x403471: location_distance_oblate (location.c:86)
==1267440==    by 0x403288: location_distance (location.c:60)
==1267440==    by 0x401E52: main (hw2.c:277)
==1267440== 
==1267440== Conditional jump or move depends on uninitialised value(s)
==1267440==    at 0x403256: location_validate (location.c:47)
==1267440==    by 0x403471: location_distance_oblate (location.c:86)
==1267440==    by 0x403288: location_distance (location.c:60)
==1267440==    by 0x401E52: main (hw2.c:277)
==1267440== 
==1267440== Conditional jump or move depends on uninitialised value(s)
==1267440==    at 0x4034A2: location_distance_oblate (location.c:90)
==1267440==    by 0x403288: location_distance (location.c:60)
==1267440==    by 0x401E52: main (hw2.c:277)
==1267440== 
==1267440== Conditional jump or move depends on uninitialised value(s)
==1267440==    at 0x48EF5F3: __tan_fma (s_tan.c:69)
==1267440==    by 0x403617: location_distance_oblate (location.c:102)
==1267440==    by 0x403288: location_distance (location.c:60)
==1267440==    by 0x401E52: main (hw2.c:277)
==1267440== 
==1267440== Conditional jump or move depends on uninitialised value(s)
==1267440==    at 0x48EF61C: __tan_fma (s_tan.c:80)
==1267440==    by 0x403617: location_distance_oblate (location.c:102)
==1267440==    by 0x403288: location_distance (location.c:60)
==1267440==    by 0x401E52: main (hw2.c:277)
==1267440== 
==1267440== Conditional jump or move depends on uninitialised value(s)
==1267440==    at 0x48EF74C: __tan_fma (s_tan.c:82)
==1267440==    by 0x403617: location_distance_oblate (location.c:102)
==1267440==    by 0x403288: location_distance (location.c:60)
==1267440==    by 0x401E52: main (hw2.c:277)
==1267440== 
==1267440== Conditional jump or move depends on uninitialised value(s)
==1267440==    at 0x48916CC: sqrt (w_sqrt_compat.c:35)
==1267440==    by 0x403650: location_distance_oblate (location.c:103)
==1267440==    by 0x403288: location_distance (location.c:60)
==1267440==    by 0x401E52: main (hw2.c:277)
==1267440== 
==1267440== Conditional jump or move depends on uninitialised value(s)
==1267440==    at 0x48EE5CB: __sin_fma (s_sin.c:212)
==1267440==    by 0x403693: location_distance_oblate (location.c:117)
==1267440==    by 0x403288: location_distance (location.c:60)
==1267440==    by 0x401E52: main (hw2.c:277)
==1267440== 
==1267440== Conditional jump or move depends on uninitialised value(s)
==1267440==    at 0x48EE60F: __sin_fma (s_sin.c:218)
==1267440==    by 0x403693: location_distance_oblate (location.c:117)
==1267440==    by 0x403288: location_distance (location.c:60)
==1267440==    by 0x401E52: main (hw2.c:277)
==1267440== 
==1267440== Conditional jump or move depends on uninitialised value(s)
==1267440==    at 0x48EE725: __sin_fma (s_sin.c:225)
==1267440==    by 0x403693: location_distance_oblate (location.c:117)
==1267440==    by 0x403288: location_distance (location.c:60)
==1267440==    by 0x401E52: main (hw2.c:277)
==1267440== 
==1267440== Use of uninitialised value of size 8
==1267440==    at 0x48EE94F: UnknownInlinedFun (s_sin.c:114)
==1267440==    by 0x48EE94F: __sin_fma (s_sin.c:229)
==1267440==    by 0x403693: location_distance_oblate (location.c:117)
==1267440==    by 0x403288: location_distance (location.c:60)
==1267440==    by 0x401E52: main (hw2.c:277)
==1267440== 
==1267440== Use of uninitialised value of size 8
==1267440==    at 0x48EE95F: UnknownInlinedFun (s_sin.c:115)
==1267440==    by 0x48EE95F: __sin_fma (s_sin.c:229)
==1267440==    by 0x403693: location_distance_oblate (location.c:117)
==1267440==    by 0x403288: location_distance (location.c:60)
==1267440==    by 0x401E52: main (hw2.c:277)
==1267440== 
==1267440== Use of uninitialised value of size 8
==1267440==    at 0x48EE964: UnknownInlinedFun (s_sin.c:115)
==1267440==    by 0x48EE964: __sin_fma (s_sin.c:229)
==1267440==    by 0x403693: location_distance_oblate (location.c:117)
==1267440==    by 0x403288: location_distance (location.c:60)
==1267440==    by 0x401E52: main (hw2.c:277)
==1267440== 
==1267440== Use of uninitialised value of size 8
==1267440==    at 0x48EE977: UnknownInlinedFun (s_sin.c:115)
==1267440==    by 0x48EE977: __sin_fma (s_sin.c:229)
==1267440==    by 0x403693: location_distance_oblate (location.c:117)
==1267440==    by 0x403288: location_distance (location.c:60)
==1267440==    by 0x401E52: main (hw2.c:277)
==1267440== 
==1267440== Conditional jump or move depends on uninitialised value(s)
==1267440==    at 0x48EEDF3: __cos_fma (s_sin.c:279)
==1267440==    by 0x4036AA: location_distance_oblate (location.c:118)
==1267440==    by 0x403288: location_distance (location.c:60)
==1267440==    by 0x401E52: main (hw2.c:277)
==1267440== 
==1267440== Conditional jump or move depends on uninitialised value(s)
==1267440==    at 0x48EEE00: __cos_fma (s_sin.c:282)
==1267440==    by 0x4036AA: location_distance_oblate (location.c:118)
==1267440==    by 0x403288: location_distance (location.c:60)
==1267440==    by 0x401E52: main (hw2.c:277)
==1267440== 
==1267440== Conditional jump or move depends on uninitialised value(s)
==1267440==    at 0x48EEF05: __cos_fma (s_sin.c:288)
==1267440==    by 0x4036AA: location_distance_oblate (location.c:118)
==1267440==    by 0x403288: location_distance (location.c:60)
==1267440==    by 0x401E52: main (hw2.c:277)
==1267440== 
==1267440== Conditional jump or move depends on uninitialised value(s)
==1267440==    at 0x48EEF53: UnknownInlinedFun (s_sin.c:128)
==1267440==    by 0x48EEF53: __cos_fma (s_sin.c:295)
==1267440==    by 0x4036AA: location_distance_oblate (location.c:118)
==1267440==    by 0x403288: location_distance (location.c:60)
==1267440==    by 0x401E52: main (hw2.c:277)
==1267440== 
==1267440== Conditional jump or move depends on uninitialised value(s)
==1267440==    at 0x48EEF69: UnknownInlinedFun (s_sin.c:133)
==1267440==    by 0x48EEF69: __cos_fma (s_sin.c:295)
==1267440==    by 0x4036AA: location_distance_oblate (location.c:118)
==1267440==    by 0x403288: location_distance (location.c:60)
==1267440==    by 0x401E52: main (hw2.c:277)
==1267440== 
==1267440== Use of uninitialised value of size 8
==1267440==    at 0x48EEFA0: UnknownInlinedFun (s_sin.c:142)
==1267440==    by 0x48EEFA0: __cos_fma (s_sin.c:295)
==1267440==    by 0x4036AA: location_distance_oblate (location.c:118)
==1267440==    by 0x403288: location_distance (location.c:60)
==1267440==    by 0x401E52: main (hw2.c:277)
==1267440== 
==1267440== Use of uninitialised value of size 8
==1267440==    at 0x48EEFF0: UnknownInlinedFun (s_sin.c:143)
==1267440==    by 0x48EEFF0: __cos_fma (s_sin.c:295)
==1267440==    by 0x4036AA: location_distance_oblate (location.c:118)
==1267440==    by 0x403288: location_distance (location.c:60)
==1267440==    by 0x401E52: main (hw2.c:277)
==1267440== 
==1267440== Use of uninitialised value of size 8
==1267440==    at 0x48EEFF5: UnknownInlinedFun (s_sin.c:143)
==1267440==    by 0x48EEFF5: __cos_fma (s_sin.c:295)
==1267440==    by 0x4036AA: location_distance_oblate (location.c:118)
==1267440==    by 0x403288: location_distance (location.c:60)
==1267440==    by 0x401E52: main (hw2.c:277)
==1267440== 
==1267440== Use of uninitialised value of size 8
==1267440==    at 0x48EF000: UnknownInlinedFun (s_sin.c:143)
==1267440==    by 0x48EF000: __cos_fma (s_sin.c:295)
==1267440==    by 0x4036AA: location_distance_oblate (location.c:118)
==1267440==    by 0x403288: location_distance (location.c:60)
==1267440==    by 0x401E52: main (hw2.c:277)
==1267440== 
==1267440== Conditional jump or move depends on uninitialised value(s)
==1267440==    at 0x48916CC: sqrt (w_sqrt_compat.c:35)
==1267440==    by 0x40372C: location_distance_oblate (location.c:120)
==1267440==    by 0x403288: location_distance (location.c:60)
==1267440==    by 0x401E52: main (hw2.c:277)
==1267440== 
==1267440== Conditional jump or move depends on uninitialised value(s)
==1267440==    at 0x40373F: location_distance_oblate (location.c:122)
==1267440==    by 0x403288: location_distance (location.c:60)
==1267440==    by 0x401E52: main (hw2.c:277)
==1267440== 
==1267440== Conditional jump or move depends on uninitialised value(s)
==1267440==    at 0x40374A: location_distance_oblate (location.c:122)
==1267440==    by 0x403288: location_distance (location.c:60)
==1267440==    by 0x401E52: main (hw2.c:277)
==1267440== 
==1267440== Conditional jump or move depends on uninitialised value(s)
==1267440==    at 0x4890ACD: atan2 (w_atan2_compat.c:35)
==1267440==    by 0x403794: location_distance_oblate (location.c:125)
==1267440==    by 0x403288: location_distance (location.c:60)
==1267440==    by 0x401E52: main (hw2.c:277)
==1267440== 
==1267440== Conditional jump or move depends on uninitialised value(s)
==1267440==    at 0x48EDBD9: __ieee754_atan2_fma (e_atan2.c:73)
==1267440==    by 0x4890AF4: atan2 (w_atan2_compat.c:38)
==1267440==    by 0x403794: location_distance_oblate (location.c:125)
==1267440==    by 0x403288: location_distance (location.c:60)
==1267440==    by 0x401E52: main (hw2.c:277)
==1267440== 
==1267440== Conditional jump or move depends on uninitialised value(s)
==1267440==    at 0x48EDBF5: __ieee754_atan2_fma (e_atan2.c:81)
==1267440==    by 0x4890AF4: atan2 (w_atan2_compat.c:38)
==1267440==    by 0x403794: location_distance_oblate (location.c:125)
==1267440==    by 0x403288: location_distance (location.c:60)
==1267440==    by 0x401E52: main (hw2.c:277)
==1267440== 
==1267440== Conditional jump or move depends on uninitialised value(s)
==1267440==    at 0x48EDBF9: __ieee754_atan2_fma (e_atan2.c:88)
==1267440==    by 0x4890AF4: atan2 (w_atan2_compat.c:38)
==1267440==    by 0x403794: location_distance_oblate (location.c:125)
==1267440==    by 0x403288: location_distance (location.c:60)
==1267440==    by 0x401E52: main (hw2.c:277)
==1267440== 
==1267440== Conditional jump or move depends on uninitialised value(s)
==1267440==    at 0x48EDDA5: __ieee754_atan2_fma (e_atan2.c:98)
==1267440==    by 0x4890AF4: atan2 (w_atan2_compat.c:38)
==1267440==    by 0x403794: location_distance_oblate (location.c:125)
==1267440==    by 0x403288: location_distance (location.c:60)
==1267440==    by 0x401E52: main (hw2.c:277)
==1267440== 
==1267440== Conditional jump or move depends on uninitialised value(s)
==1267440==    at 0x48EDC7E: __ieee754_atan2_fma (e_atan2.c:110)
==1267440==    by 0x4890AF4: atan2 (w_atan2_compat.c:38)
==1267440==    by 0x403794: location_distance_oblate (location.c:125)
==1267440==    by 0x403288: location_distance (location.c:60)
==1267440==    by 0x401E52: main (hw2.c:277)
==1267440== 
==1267440== Conditional jump or move depends on uninitialised value(s)
==1267440==    at 0x48EDE16: __ieee754_atan2_fma (e_atan2.c:119)
==1267440==    by 0x4890AF4: atan2 (w_atan2_compat.c:38)
==1267440==    by 0x403794: location_distance_oblate (location.c:125)
==1267440==    by 0x403288: location_distance (location.c:60)
==1267440==    by 0x401E52: main (hw2.c:277)
==1267440== 
==1267440== Conditional jump or move depends on uninitialised value(s)
==1267440==    at 0x48EDE22: __ieee754_atan2_fma (e_atan2.c:142)
==1267440==    by 0x4890AF4: atan2 (w_atan2_compat.c:38)
==1267440==    by 0x403794: location_distance_oblate (location.c:125)
==1267440==    by 0x403288: location_distance (location.c:60)
==1267440==    by 0x401E52: main (hw2.c:277)
==1267440== 
==1267440== Conditional jump or move depends on uninitialised value(s)
==1267440==    at 0x48EDE2D: __ieee754_atan2_fma (e_atan2.c:167)
==1267440==    by 0x4890AF4: atan2 (w_atan2_compat.c:38)
==1267440==    by 0x403794: location_distance_oblate (location.c:125)
==1267440==    by 0x403288: location_distance (location.c:60)
==1267440==    by 0x401E52: main (hw2.c:277)
==1267440== 
==1267440== Conditional jump or move depends on uninitialised value(s)
==1267440==    at 0x48EE015: __ieee754_atan2_fma (e_atan2.c:172)
==1267440==    by 0x4890AF4: atan2 (w_atan2_compat.c:38)
==1267440==    by 0x403794: location_distance_oblate (location.c:125)
==1267440==    by 0x403288: location_distance (location.c:60)
==1267440==    by 0x401E52: main (hw2.c:277)
==1267440== 
==1267440== Conditional jump or move depends on uninitialised value(s)
==1267440==    at 0x48EDD25: __ieee754_atan2_fma (e_atan2.c:183)
==1267440==    by 0x4890AF4: atan2 (w_atan2_compat.c:38)
==1267440==    by 0x403794: location_distance_oblate (location.c:125)
==1267440==    by 0x403288: location_distance (location.c:60)
==1267440==    by 0x401E52: main (hw2.c:277)
==1267440== 
==1267440== Conditional jump or move depends on uninitialised value(s)
==1267440==    at 0x48EDD31: __ieee754_atan2_fma (e_atan2.c:187)
==1267440==    by 0x4890AF4: atan2 (w_atan2_compat.c:38)
==1267440==    by 0x403794: location_distance_oblate (location.c:125)
==1267440==    by 0x403288: location_distance (location.c:60)
==1267440==    by 0x401E52: main (hw2.c:277)
==1267440== 
==1267440== Conditional jump or move depends on uninitialised value(s)
==1267440==    at 0x48EDF9C: __ieee754_atan2_fma (e_atan2.c:209)
==1267440==    by 0x4890AF4: atan2 (w_atan2_compat.c:38)
==1267440==    by 0x403794: location_distance_oblate (location.c:125)
==1267440==    by 0x403288: location_distance (location.c:60)
==1267440==    by 0x401E52: main (hw2.c:277)
==1267440== 
==1267440== Conditional jump or move depends on uninitialised value(s)
==1267440==    at 0x48EDEDE: __ieee754_atan2_fma (e_atan2.c:216)
==1267440==    by 0x4890AF4: atan2 (w_atan2_compat.c:38)
==1267440==    by 0x403794: location_distance_oblate (location.c:125)
==1267440==    by 0x403288: location_distance (location.c:60)
==1267440==    by 0x401E52: main (hw2.c:277)
==1267440== 
==1267440== Conditional jump or move depends on uninitialised value(s)
==1267440==    at 0x48EDEE4: __ieee754_atan2_fma (e_atan2.c:216)
==1267440==    by 0x4890AF4: atan2 (w_atan2_compat.c:38)
==1267440==    by 0x403794: location_distance_oblate (location.c:125)
==1267440==    by 0x403288: location_distance (location.c:60)
==1267440==    by 0x401E52: main (hw2.c:277)
==1267440== 
==1267440== Conditional jump or move depends on uninitialised value(s)
==1267440==    at 0x48EDEF2: __ieee754_atan2_fma (e_atan2.c:223)
==1267440==    by 0x4890AF4: atan2 (w_atan2_compat.c:38)
==1267440==    by 0x403794: location_distance_oblate (location.c:125)
==1267440==    by 0x403288: location_distance (location.c:60)
==1267440==    by 0x401E52: main (hw2.c:277)
==1267440== 
==1267440== Conditional jump or move depends on uninitialised value(s)
==1267440==    at 0x48EE095: __ieee754_atan2_fma (e_atan2.c:236)
==1267440==    by 0x4890AF4: atan2 (w_atan2_compat.c:38)
==1267440==    by 0x403794: location_distance_oblate (location.c:125)
==1267440==    by 0x403288: location_distance (location.c:60)
==1267440==    by 0x401E52: main (hw2.c:277)
==1267440== 
==1267440== Conditional jump or move depends on uninitialised value(s)
==1267440==    at 0x48EE0A7: __ieee754_atan2_fma (e_atan2.c:274)
==1267440==    by 0x4890AF4: atan2 (w_atan2_compat.c:38)
==1267440==    by 0x403794: location_distance_oblate (location.c:125)
==1267440==    by 0x403288: location_distance (location.c:60)
==1267440==    by 0x401E52: main (hw2.c:277)
==1267440== 
==1267440== Use of uninitialised value of size 8
==1267440==    at 0x48EE3E1: __ieee754_atan2_fma (e_atan2.c:292)
==1267440==    by 0x4890AF4: atan2 (w_atan2_compat.c:38)
==1267440==    by 0x403794: location_distance_oblate (location.c:125)
==1267440==    by 0x403288: location_distance (location.c:60)
==1267440==    by 0x401E52: main (hw2.c:277)
==1267440== 
==1267440== Conditional jump or move depends on uninitialised value(s)
==1267440==    at 0x4890B0A: atan2 (w_atan2_compat.c:39)
==1267440==    by 0x403794: location_distance_oblate (location.c:125)
==1267440==    by 0x403288: location_distance (location.c:60)
==1267440==    by 0x401E52: main (hw2.c:277)
==1267440== 
==1267440== Conditional jump or move depends on uninitialised value(s)
==1267440==    at 0x48EC368: __ieee754_pow_fma (e_pow.c:292)
==1267440==    by 0x48B78A8: pow@@GLIBC_2.29 (w_pow_template.c:32)
==1267440==    by 0x4037D6: location_distance_oblate (location.c:127)
==1267440==    by 0x403288: location_distance (location.c:60)
==1267440==    by 0x401E52: main (hw2.c:277)
==1267440== 
==1267440== Use of uninitialised value of size 8
==1267440==    at 0x48EC3FA: UnknownInlinedFun (e_pow.c:88)
==1267440==    by 0x48EC3FA: __ieee754_pow_fma (e_pow.c:366)
==1267440==    by 0x48B78A8: pow@@GLIBC_2.29 (w_pow_template.c:32)
==1267440==    by 0x4037D6: location_distance_oblate (location.c:127)
==1267440==    by 0x403288: location_distance (location.c:60)
==1267440==    by 0x401E52: main (hw2.c:277)
==1267440== 
==1267440== Conditional jump or move depends on uninitialised value(s)
==1267440==    at 0x48EC4B2: UnknownInlinedFun (e_pow.c:194)
==1267440==    by 0x48EC4B2: __ieee754_pow_fma (e_pow.c:379)
==1267440==    by 0x48B78A8: pow@@GLIBC_2.29 (w_pow_template.c:32)
==1267440==    by 0x4037D6: location_distance_oblate (location.c:127)
==1267440==    by 0x403288: location_distance (location.c:60)
==1267440==    by 0x401E52: main (hw2.c:277)
==1267440== 
==1267440== Use of uninitialised value of size 8
==1267440==    at 0x48EC508: UnknownInlinedFun (e_pow.c:237)
==1267440==    by 0x48EC508: __ieee754_pow_fma (e_pow.c:379)
==1267440==    by 0x48B78A8: pow@@GLIBC_2.29 (w_pow_template.c:32)
==1267440==    by 0x4037D6: location_distance_oblate (location.c:127)
==1267440==    by 0x403288: location_distance (location.c:60)
==1267440==    by 0x401E52: main (hw2.c:277)
==1267440== 
==1267440== Conditional jump or move depends on uninitialised value(s)
==1267440==    at 0x48EC546: UnknownInlinedFun (e_pow.c:244)
==1267440==    by 0x48EC546: __ieee754_pow_fma (e_pow.c:379)
==1267440==    by 0x48B78A8: pow@@GLIBC_2.29 (w_pow_template.c:32)
==1267440==    by 0x4037D6: location_distance_oblate (location.c:127)
==1267440==    by 0x403288: location_distance (location.c:60)
==1267440==    by 0x401E52: main (hw2.c:277)
==1267440== 
==1267440== Conditional jump or move depends on uninitialised value(s)
==1267440==    at 0x48B78CB: pow@@GLIBC_2.29 (w_pow_template.c:33)
==1267440==    by 0x4037D6: location_distance_oblate (location.c:127)
==1267440==    by 0x403288: location_distance (location.c:60)
==1267440==    by 0x401E52: main (hw2.c:277)
==1267440== 
==1267440== Conditional jump or move depends on uninitialised value(s)
==1267440==    at 0x48B78D5: pow@@GLIBC_2.29 (w_pow_template.c:45)
==1267440==    by 0x4037D6: location_distance_oblate (location.c:127)
==1267440==    by 0x403288: location_distance (location.c:60)
==1267440==    by 0x401E52: main (hw2.c:277)
==1267440== 
==1267440== Conditional jump or move depends on uninitialised value(s)
==1267440==    at 0x48B78D7: pow@@GLIBC_2.29 (w_pow_template.c:45)
==1267440==    by 0x4037D6: location_distance_oblate (location.c:127)
==1267440==    by 0x403288: location_distance (location.c:60)
==1267440==    by 0x401E52: main (hw2.c:277)
==1267440== 
==1267440== Conditional jump or move depends on uninitialised value(s)
==1267440==    at 0x403821: location_distance_oblate (location.c:130)
==1267440==    by 0x403288: location_distance (location.c:60)
==1267440==    by 0x401E52: main (hw2.c:277)
==1267440== 
==1267440== Conditional jump or move depends on uninitialised value(s)
==1267440==    at 0x48EC368: __ieee754_pow_fma (e_pow.c:292)
==1267440==    by 0x48B78A8: pow@@GLIBC_2.29 (w_pow_template.c:32)
==1267440==    by 0x403914: location_distance_oblate (location.c:137)
==1267440==    by 0x403288: location_distance (location.c:60)
==1267440==    by 0x401E52: main (hw2.c:277)
==1267440== 
==1267440== Use of uninitialised value of size 8
==1267440==    at 0x48EC3FA: UnknownInlinedFun (e_pow.c:88)
==1267440==    by 0x48EC3FA: __ieee754_pow_fma (e_pow.c:366)
==1267440==    by 0x48B78A8: pow@@GLIBC_2.29 (w_pow_template.c:32)
==1267440==    by 0x403914: location_distance_oblate (location.c:137)
==1267440==    by 0x403288: location_distance (location.c:60)
==1267440==    by 0x401E52: main (hw2.c:277)
==1267440== 
==1267440== Conditional jump or move depends on uninitialised value(s)
==1267440==    at 0x48EC4B2: UnknownInlinedFun (e_pow.c:194)
==1267440==    by 0x48EC4B2: __ieee754_pow_fma (e_pow.c:379)
==1267440==    by 0x48B78A8: pow@@GLIBC_2.29 (w_pow_template.c:32)
==1267440==    by 0x403914: location_distance_oblate (location.c:137)
==1267440==    by 0x403288: location_distance (location.c:60)
==1267440==    by 0x401E52: main (hw2.c:277)
==1267440== 
==1267440== Use of uninitialised value of size 8
==1267440==    at 0x48EC508: UnknownInlinedFun (e_pow.c:237)
==1267440==    by 0x48EC508: __ieee754_pow_fma (e_pow.c:379)
==1267440==    by 0x48B78A8: pow@@GLIBC_2.29 (w_pow_template.c:32)
==1267440==    by 0x403914: location_distance_oblate (location.c:137)
==1267440==    by 0x403288: location_distance (location.c:60)
==1267440==    by 0x401E52: main (hw2.c:277)
==1267440== 
==1267440== Conditional jump or move depends on uninitialised value(s)
==1267440==    at 0x48EC546: UnknownInlinedFun (e_pow.c:244)
==1267440==    by 0x48EC546: __ieee754_pow_fma (e_pow.c:379)
==1267440==    by 0x48B78A8: pow@@GLIBC_2.29 (w_pow_template.c:32)
==1267440==    by 0x403914: location_distance_oblate (location.c:137)
==1267440==    by 0x403288: location_distance (location.c:60)
==1267440==    by 0x401E52: main (hw2.c:277)
==1267440== 
==1267440== Conditional jump or move depends on uninitialised value(s)
==1267440==    at 0x48B78CB: pow@@GLIBC_2.29 (w_pow_template.c:33)
==1267440==    by 0x403914: location_distance_oblate (location.c:137)
==1267440==    by 0x403288: location_distance (location.c:60)
==1267440==    by 0x401E52: main (hw2.c:277)
==1267440== 
==1267440== Conditional jump or move depends on uninitialised value(s)
==1267440==    at 0x48B78D5: pow@@GLIBC_2.29 (w_pow_template.c:45)
==1267440==    by 0x403914: location_distance_oblate (location.c:137)
==1267440==    by 0x403288: location_distance (location.c:60)
==1267440==    by 0x401E52: main (hw2.c:277)
==1267440== 
==1267440== Conditional jump or move depends on uninitialised value(s)
==1267440==    at 0x48B78D7: pow@@GLIBC_2.29 (w_pow_template.c:45)
==1267440==    by 0x403914: location_distance_oblate (location.c:137)
==1267440==    by 0x403288: location_distance (location.c:60)
==1267440==    by 0x401E52: main (hw2.c:277)
==1267440== 
==1267440== Conditional jump or move depends on uninitialised value(s)
==1267440==    at 0x40396A: location_distance_oblate (location.c:139)
==1267440==    by 0x403288: location_distance (location.c:60)
==1267440==    by 0x401E52: main (hw2.c:277)
==1267440== 
==1267440== Conditional jump or move depends on uninitialised value(s)
==1267440==    at 0x403981: location_distance_oblate (location.c:139)
==1267440==    by 0x403288: location_distance (location.c:60)
==1267440==    by 0x401E52: main (hw2.c:277)
==1267440== 
==1267440== Conditional jump or move depends on uninitialised value(s)
==1267440==    at 0x48EC368: __ieee754_pow_fma (e_pow.c:292)
==1267440==    by 0x48B78A8: pow@@GLIBC_2.29 (w_pow_template.c:32)
==1267440==    by 0x403B3D: location_distance_oblate (location.c:149)
==1267440==    by 0x403288: location_distance (location.c:60)
==1267440==    by 0x401E52: main (hw2.c:277)
==1267440== 
==1267440== Use of uninitialised value of size 8
==1267440==    at 0x48EC3FA: UnknownInlinedFun (e_pow.c:88)
==1267440==    by 0x48EC3FA: __ieee754_pow_fma (e_pow.c:366)
==1267440==    by 0x48B78A8: pow@@GLIBC_2.29 (w_pow_template.c:32)
==1267440==    by 0x403B3D: location_distance_oblate (location.c:149)
==1267440==    by 0x403288: location_distance (location.c:60)
==1267440==    by 0x401E52: main (hw2.c:277)
==1267440== 
==1267440== Conditional jump or move depends on uninitialised value(s)
==1267440==    at 0x48EC4B2: UnknownInlinedFun (e_pow.c:194)
==1267440==    by 0x48EC4B2: __ieee754_pow_fma (e_pow.c:379)
==1267440==    by 0x48B78A8: pow@@GLIBC_2.29 (w_pow_template.c:32)
==1267440==    by 0x403B3D: location_distance_oblate (location.c:149)
==1267440==    by 0x403288: location_distance (location.c:60)
==1267440==    by 0x401E52: main (hw2.c:277)
==1267440== 
==1267440== Use of uninitialised value of size 8
==1267440==    at 0x48EC508: UnknownInlinedFun (e_pow.c:237)
==1267440==    by 0x48EC508: __ieee754_pow_fma (e_pow.c:379)
==1267440==    by 0x48B78A8: pow@@GLIBC_2.29 (w_pow_template.c:32)
==1267440==    by 0x403B3D: location_distance_oblate (location.c:149)
==1267440==    by 0x403288: location_distance (location.c:60)
==1267440==    by 0x401E52: main (hw2.c:277)
==1267440== 
==1267440== Conditional jump or move depends on uninitialised value(s)
==1267440==    at 0x48EC546: UnknownInlinedFun (e_pow.c:244)
==1267440==    by 0x48EC546: __ieee754_pow_fma (e_pow.c:379)
==1267440==    by 0x48B78A8: pow@@GLIBC_2.29 (w_pow_template.c:32)
==1267440==    by 0x403B3D: location_distance_oblate (location.c:149)
==1267440==    by 0x403288: location_distance (location.c:60)
==1267440==    by 0x401E52: main (hw2.c:277)
==1267440== 
==1267440== Conditional jump or move depends on uninitialised value(s)
==1267440==    at 0x48B78CB: pow@@GLIBC_2.29 (w_pow_template.c:33)
==1267440==    by 0x403B3D: location_distance_oblate (location.c:149)
==1267440==    by 0x403288: location_distance (location.c:60)
==1267440==    by 0x401E52: main (hw2.c:277)
==1267440== 
==1267440== Conditional jump or move depends on uninitialised value(s)
==1267440==    at 0x48B78D5: pow@@GLIBC_2.29 (w_pow_template.c:45)
==1267440==    by 0x403B3D: location_distance_oblate (location.c:149)
==1267440==    by 0x403288: location_distance (location.c:60)
==1267440==    by 0x401E52: main (hw2.c:277)
==1267440== 
==1267440== Conditional jump or move depends on uninitialised value(s)
==1267440==    at 0x48B78D7: pow@@GLIBC_2.29 (w_pow_template.c:45)
==1267440==    by 0x403B3D: location_distance_oblate (location.c:149)
==1267440==    by 0x403288: location_distance (location.c:60)
==1267440==    by 0x401E52: main (hw2.c:277)
==1267440== 
==1267440== Conditional jump or move depends on uninitialised value(s)
==1267440==    at 0x48EC368: __ieee754_pow_fma (e_pow.c:292)
==1267440==    by 0x48B78A8: pow@@GLIBC_2.29 (w_pow_template.c:32)
==1267440==    by 0x403B99: location_distance_oblate (location.c:149)
==1267440==    by 0x403288: location_distance (location.c:60)
==1267440==    by 0x401E52: main (hw2.c:277)
==1267440== 
==1267440== Use of uninitialised value of size 8
==1267440==    at 0x48EC3FA: UnknownInlinedFun (e_pow.c:88)
==1267440==    by 0x48EC3FA: __ieee754_pow_fma (e_pow.c:366)
==1267440==    by 0x48B78A8: pow@@GLIBC_2.29 (w_pow_template.c:32)
==1267440==    by 0x403B99: location_distance_oblate (location.c:149)
==1267440==    by 0x403288: location_distance (location.c:60)
==1267440==    by 0x401E52: main (hw2.c:277)
==1267440== 
==1267440== Conditional jump or move depends on uninitialised value(s)
==1267440==    at 0x48EC4B2: UnknownInlinedFun (e_pow.c:194)
==1267440==    by 0x48EC4B2: __ieee754_pow_fma (e_pow.c:379)
==1267440==    by 0x48B78A8: pow@@GLIBC_2.29 (w_pow_template.c:32)
==1267440==    by 0x403B99: location_distance_oblate (location.c:149)
==1267440==    by 0x403288: location_distance (location.c:60)
==1267440==    by 0x401E52: main (hw2.c:277)
==1267440== 
==1267440== Use of uninitialised value of size 8
==1267440==    at 0x48EC508: UnknownInlinedFun (e_pow.c:237)
==1267440==    by 0x48EC508: __ieee754_pow_fma (e_pow.c:379)
==1267440==    by 0x48B78A8: pow@@GLIBC_2.29 (w_pow_template.c:32)
==1267440==    by 0x403B99: location_distance_oblate (location.c:149)
==1267440==    by 0x403288: location_distance (location.c:60)
==1267440==    by 0x401E52: main (hw2.c:277)
==1267440== 
==1267440== Conditional jump or move depends on uninitialised value(s)
==1267440==    at 0x48EC546: UnknownInlinedFun (e_pow.c:244)
==1267440==    by 0x48EC546: __ieee754_pow_fma (e_pow.c:379)
==1267440==    by 0x48B78A8: pow@@GLIBC_2.29 (w_pow_template.c:32)
==1267440==    by 0x403B99: location_distance_oblate (location.c:149)
==1267440==    by 0x403288: location_distance (location.c:60)
==1267440==    by 0x401E52: main (hw2.c:277)
==1267440== 
==1267440== Conditional jump or move depends on uninitialised value(s)
==1267440==    at 0x48B78CB: pow@@GLIBC_2.29 (w_pow_template.c:33)
==1267440==    by 0x403B99: location_distance_oblate (location.c:149)
==1267440==    by 0x403288: location_distance (location.c:60)
==1267440==    by 0x401E52: main (hw2.c:277)
==1267440== 
==1267440== Conditional jump or move depends on uninitialised value(s)
==1267440==    at 0x48B78D5: pow@@GLIBC_2.29 (w_pow_template.c:45)
==1267440==    by 0x403B99: location_distance_oblate (location.c:149)
==1267440==    by 0x403288: location_distance (location.c:60)
==1267440==    by 0x401E52: main (hw2.c:277)
==1267440== 
==1267440== Conditional jump or move depends on uninitialised value(s)
==1267440==    at 0x48B78D7: pow@@GLIBC_2.29 (w_pow_template.c:45)
==1267440==    by 0x403B99: location_distance_oblate (location.c:149)
==1267440==    by 0x403288: location_distance (location.c:60)
==1267440==    by 0x401E52: main (hw2.c:277)
==1267440== 
==1267440== Conditional jump or move depends on uninitialised value(s)
==1267440==    at 0x48EC368: __ieee754_pow_fma (e_pow.c:292)
==1267440==    by 0x48B78A8: pow@@GLIBC_2.29 (w_pow_template.c:32)
==1267440==    by 0x403BDF: location_distance_oblate (location.c:149)
==1267440==    by 0x403288: location_distance (location.c:60)
==1267440==    by 0x401E52: main (hw2.c:277)
==1267440== 
==1267440== Use of uninitialised value of size 8
==1267440==    at 0x48EC3FA: UnknownInlinedFun (e_pow.c:88)
==1267440==    by 0x48EC3FA: __ieee754_pow_fma (e_pow.c:366)
==1267440==    by 0x48B78A8: pow@@GLIBC_2.29 (w_pow_template.c:32)
==1267440==    by 0x403BDF: location_distance_oblate (location.c:149)
==1267440==    by 0x403288: location_distance (location.c:60)
==1267440==    by 0x401E52: main (hw2.c:277)
==1267440== 
==1267440== Conditional jump or move depends on uninitialised value(s)
==1267440==    at 0x48EC4B2: UnknownInlinedFun (e_pow.c:194)
==1267440==    by 0x48EC4B2: __ieee754_pow_fma (e_pow.c:379)
==1267440==    by 0x48B78A8: pow@@GLIBC_2.29 (w_pow_template.c:32)
==1267440==    by 0x403BDF: location_distance_oblate (location.c:149)
==1267440==    by 0x403288: location_distance (location.c:60)
==1267440==    by 0x401E52: main (hw2.c:277)
==1267440== 
==1267440== Use of uninitialised value of size 8
==1267440==    at 0x48EC508: UnknownInlinedFun (e_pow.c:237)
==1267440==    by 0x48EC508: __ieee754_pow_fma (e_pow.c:379)
==1267440==    by 0x48B78A8: pow@@GLIBC_2.29 (w_pow_template.c:32)
==1267440==    by 0x403BDF: location_distance_oblate (location.c:149)
==1267440==    by 0x403288: location_distance (location.c:60)
==1267440==    by 0x401E52: main (hw2.c:277)
==1267440== 
==1267440== Conditional jump or move depends on uninitialised value(s)
==1267440==    at 0x48EC546: UnknownInlinedFun (e_pow.c:244)
==1267440==    by 0x48EC546: __ieee754_pow_fma (e_pow.c:379)
==1267440==    by 0x48B78A8: pow@@GLIBC_2.29 (w_pow_template.c:32)
==1267440==    by 0x403BDF: location_distance_oblate (location.c:149)
==1267440==    by 0x403288: location_distance (location.c:60)
==1267440==    by 0x401E52: main (hw2.c:277)
==1267440== 
==1267440== Conditional jump or move depends on uninitialised value(s)
==1267440==    at 0x48B78CB: pow@@GLIBC_2.29 (w_pow_template.c:33)
==1267440==    by 0x403BDF: location_distance_oblate (location.c:149)
==1267440==    by 0x403288: location_distance (location.c:60)
==1267440==    by 0x401E52: main (hw2.c:277)
==1267440== 
==1267440== Conditional jump or move depends on uninitialised value(s)
==1267440==    at 0x48B78D5: pow@@GLIBC_2.29 (w_pow_template.c:45)
==1267440==    by 0x403BDF: location_distance_oblate (location.c:149)
==1267440==    by 0x403288: location_distance (location.c:60)
==1267440==    by 0x401E52: main (hw2.c:277)
==1267440== 
==1267440== Conditional jump or move depends on uninitialised value(s)
==1267440==    at 0x48B78D7: pow@@GLIBC_2.29 (w_pow_template.c:45)
==1267440==    by 0x403BDF: location_distance_oblate (location.c:149)
==1267440==    by 0x403288: location_distance (location.c:60)
==1267440==    by 0x401E52: main (hw2.c:277)
==1267440== 
==1267440== Conditional jump or move depends on uninitialised value(s)
==1267440==    at 0x403203: location_validate (location.c:47)
==1267440==    by 0x40345E: location_distance_oblate (location.c:86)
==1267440==    by 0x403288: location_distance (location.c:60)
==1267440==    by 0x401E52: main (hw2.c:277)
==1267440== 
==1267440== Conditional jump or move depends on uninitialised value(s)
==1267440==    at 0x403215: location_validate (location.c:47)
==1267440==    by 0x40345E: location_distance_oblate (location.c:86)
==1267440==    by 0x403288: location_distance (location.c:60)
==1267440==    by 0x401E52: main (hw2.c:277)
==1267440== 
==1267440== Conditional jump or move depends on uninitialised value(s)
==1267440==    at 0x40322B: location_validate (location.c:47)
==1267440==    by 0x40345E: location_distance_oblate (location.c:86)
==1267440==    by 0x403288: location_distance (location.c:60)
==1267440==    by 0x401E52: main (hw2.c:277)
==1267440== 
==1267440== Conditional jump or move depends on uninitialised value(s)
==1267440==    at 0x403256: location_validate (location.c:47)
==1267440==    by 0x40345E: location_distance_oblate (location.c:86)
==1267440==    by 0x403288: location_distance (location.c:60)
==1267440==    by 0x401E52: main (hw2.c:277)
==1267440== 
==1267440== Conditional jump or move depends on uninitialised value(s)
==1267440==    at 0x48EF5F3: __tan_fma (s_tan.c:69)
==1267440==    by 0x403584: location_distance_oblate (location.c:98)
==1267440==    by 0x403288: location_distance (location.c:60)
==1267440==    by 0x401E52: main (hw2.c:277)
==1267440== 
==1267440== 
==1267440== More than 100 errors detected.  Subsequent errors
==1267440== will still be recorded, but in less detail than before.
==1267440== Conditional jump or move depends on uninitialised value(s)
==1267440==    at 0x48EF61C: __tan_fma (s_tan.c:80)
==1267440==    by 0x403584: location_distance_oblate (location.c:98)
==1267440==    by 0x403288: location_distance (location.c:60)
==1267440==    by 0x401E52: main (hw2.c:277)
==1267440== 
==1267440== Conditional jump or move depends on uninitialised value(s)
==1267440==    at 0x48EF74C: __tan_fma (s_tan.c:82)
==1267440==    by 0x403584: location_distance_oblate (location.c:98)
==1267440==    by 0x403288: location_distance (location.c:60)
==1267440==    by 0x401E52: main (hw2.c:277)
==1267440== 
==1267440== Conditional jump or move depends on uninitialised value(s)
==1267440==    at 0x48916CC: sqrt (w_sqrt_compat.c:35)
==1267440==    by 0x4035BD: location_distance_oblate (location.c:99)
==1267440==    by 0x403288: location_distance (location.c:60)
==1267440==    by 0x401E52: main (hw2.c:277)
==1267440== 
==1267440== Conditional jump or move depends on uninitialised value(s)
==1267440==    at 0x48EC586: __ieee754_pow_fma (e_pow.c:314)
==1267440==    by 0x48B78A8: pow@@GLIBC_2.29 (w_pow_template.c:32)
==1267440==    by 0x4037D6: location_distance_oblate (location.c:127)
==1267440==    by 0x403288: location_distance (location.c:60)
==1267440==    by 0x401E52: main (hw2.c:277)
==1267440== 
==1267440== Conditional jump or move depends on uninitialised value(s)
==1267440==    at 0x48EC58F: __ieee754_pow_fma (e_pow.c:329)
==1267440==    by 0x48B78A8: pow@@GLIBC_2.29 (w_pow_template.c:32)
==1267440==    by 0x4037D6: location_distance_oblate (location.c:127)
==1267440==    by 0x403288: location_distance (location.c:60)
==1267440==    by 0x401E52: main (hw2.c:277)
==1267440== 
==1267440== Conditional jump or move depends on uninitialised value(s)
==1267440==    at 0x48EC6DB: __ieee754_pow_fma (e_pow.c:356)
==1267440==    by 0x48B78A8: pow@@GLIBC_2.29 (w_pow_template.c:32)
==1267440==    by 0x4037D6: location_distance_oblate (location.c:127)
==1267440==    by 0x403288: location_distance (location.c:60)
==1267440==    by 0x401E52: main (hw2.c:277)
==1267440== 
==1267440== Conditional jump or move depends on uninitialised value(s)
==1267440==    at 0x4039A2: location_distance_oblate (location.c:139)
==1267440==    by 0x403288: location_distance (location.c:60)
==1267440==    by 0x401E52: main (hw2.c:277)
==1267440== 
==1267440== Conditional jump or move depends on uninitialised value(s)
==1267440==    at 0x49B3408: __printf_fp_l (printf_fp.c:396)
==1267440==    by 0x49CF82C: UnknownInlinedFun (vfprintf-internal.c:354)
==1267440==    by 0x49CF82C: __vfprintf_internal (vfprintf-internal.c:1558)
==1267440==    by 0x49B8A6E: printf (printf.c:33)
==1267440==    by 0x401ED2: main (hw2.c:280)
==1267440== 
==1267440== Conditional jump or move depends on uninitialised value(s)
==1267440==    at 0x49B3422: __printf_fp_l (printf_fp.c:396)
==1267440==    by 0x49CF82C: UnknownInlinedFun (vfprintf-internal.c:354)
==1267440==    by 0x49CF82C: __vfprintf_internal (vfprintf-internal.c:1558)
==1267440==    by 0x49B8A6E: printf (printf.c:33)
==1267440==    by 0x401ED2: main (hw2.c:280)
==1267440== 
==1267440== Conditional jump or move depends on uninitialised value(s)
==1267440==    at 0x49AEFF6: __mpn_extract_double (dbl2mpn.c:56)
==1267440==    by 0x49B3C06: __printf_fp_l (printf_fp.c:396)
==1267440==    by 0x49CF82C: UnknownInlinedFun (vfprintf-internal.c:354)
==1267440==    by 0x49CF82C: __vfprintf_internal (vfprintf-internal.c:1558)
==1267440==    by 0x49B8A6E: printf (printf.c:33)
==1267440==    by 0x401ED2: main (hw2.c:280)
==1267440== 
==1267440== Conditional jump or move depends on uninitialised value(s)
==1267440==    at 0x49B3578: __printf_fp_l (printf_fp.c:437)
==1267440==    by 0x49CF82C: UnknownInlinedFun (vfprintf-internal.c:354)
==1267440==    by 0x49CF82C: __vfprintf_internal (vfprintf-internal.c:1558)
==1267440==    by 0x49B8A6E: printf (printf.c:33)
==1267440==    by 0x401ED2: main (hw2.c:280)
==1267440== 
==1267440== Conditional jump or move depends on uninitialised value(s)
==1267440==    at 0x49B359B: __printf_fp_l (printf_fp.c:437)
==1267440==    by 0x49CF82C: UnknownInlinedFun (vfprintf-internal.c:354)
==1267440==    by 0x49CF82C: __vfprintf_internal (vfprintf-internal.c:1558)
==1267440==    by 0x49B8A6E: printf (printf.c:33)
==1267440==    by 0x401ED2: main (hw2.c:280)
==1267440== 
==1267440== Use of uninitialised value of size 8
==1267440==    at 0x49B3E1C: __printf_fp_l (printf_fp.c:437)
==1267440==    by 0x49CF82C: UnknownInlinedFun (vfprintf-internal.c:354)
==1267440==    by 0x49CF82C: __vfprintf_internal (vfprintf-internal.c:1558)
==1267440==    by 0x49B8A6E: printf (printf.c:33)
==1267440==    by 0x401ED2: main (hw2.c:280)
==1267440== 
==1267440== Conditional jump or move depends on uninitialised value(s)
==1267440==    at 0x49B35CB: __printf_fp_l (printf_fp.c:438)
==1267440==    by 0x49CF82C: UnknownInlinedFun (vfprintf-internal.c:354)
==1267440==    by 0x49CF82C: __vfprintf_internal (vfprintf-internal.c:1558)
==1267440==    by 0x49B8A6E: printf (printf.c:33)
==1267440==    by 0x401ED2: main (hw2.c:280)
==1267440== 
==1267440== Conditional jump or move depends on uninitialised value(s)
==1267440==    at 0x49B35EE: __printf_fp_l (printf_fp.c:438)
==1267440==    by 0x49CF82C: UnknownInlinedFun (vfprintf-internal.c:354)
==1267440==    by 0x49CF82C: __vfprintf_internal (vfprintf-internal.c:1558)
==1267440==    by 0x49B8A6E: printf (printf.c:33)
==1267440==    by 0x401ED2: main (hw2.c:280)
==1267440== 
==1267440== Use of uninitialised value of size 8
==1267440==    at 0x49B35F0: __printf_fp_l (printf_fp.c:438)
==1267440==    by 0x49CF82C: UnknownInlinedFun (vfprintf-internal.c:354)
==1267440==    by 0x49CF82C: __vfprintf_internal (vfprintf-internal.c:1558)
==1267440==    by 0x49B8A6E: printf (printf.c:33)
==1267440==    by 0x401ED2: main (hw2.c:280)
==1267440== 
==1267440== Conditional jump or move depends on uninitialised value(s)
==1267440==    at 0x49B3619: __printf_fp_l (printf_fp.c:439)
==1267440==    by 0x49CF82C: UnknownInlinedFun (vfprintf-internal.c:354)
==1267440==    by 0x49CF82C: __vfprintf_internal (vfprintf-internal.c:1558)
==1267440==    by 0x49B8A6E: printf (printf.c:33)
==1267440==    by 0x401ED2: main (hw2.c:280)
==1267440== 
==1267440== Conditional jump or move depends on uninitialised value(s)
==1267440==    at 0x49B363E: __printf_fp_l (printf_fp.c:439)
==1267440==    by 0x49CF82C: UnknownInlinedFun (vfprintf-internal.c:354)
==1267440==    by 0x49CF82C: __vfprintf_internal (vfprintf-internal.c:1558)
==1267440==    by 0x49B8A6E: printf (printf.c:33)
==1267440==    by 0x401ED2: main (hw2.c:280)
==1267440== 
==1267440== Use of uninitialised value of size 8
==1267440==    at 0x49B3640: __printf_fp_l (printf_fp.c:439)
==1267440==    by 0x49CF82C: UnknownInlinedFun (vfprintf-internal.c:354)
==1267440==    by 0x49CF82C: __vfprintf_internal (vfprintf-internal.c:1558)
==1267440==    by 0x49B8A6E: printf (printf.c:33)
==1267440==    by 0x401ED2: main (hw2.c:280)
==1267440== 
==1267440== Conditional jump or move depends on uninitialised value(s)
==1267440==    at 0x49B365E: __printf_fp_l (printf_fp.c:446)
==1267440==    by 0x49CF82C: UnknownInlinedFun (vfprintf-internal.c:354)
==1267440==    by 0x49CF82C: __vfprintf_internal (vfprintf-internal.c:1558)
==1267440==    by 0x49B8A6E: printf (printf.c:33)
==1267440==    by 0x401ED2: main (hw2.c:280)
==1267440== 
==1267440== Conditional jump or move depends on uninitialised value(s)
==1267440==    at 0x49B3675: __printf_fp_l (printf_fp.c:463)
==1267440==    by 0x49CF82C: UnknownInlinedFun (vfprintf-internal.c:354)
==1267440==    by 0x49CF82C: __vfprintf_internal (vfprintf-internal.c:1558)
==1267440==    by 0x49B8A6E: printf (printf.c:33)
==1267440==    by 0x401ED2: main (hw2.c:280)
==1267440== 
==1267440== Use of uninitialised value of size 8
==1267440==    at 0x49B4F1E: __printf_fp_l (printf_fp.c:471)
==1267440==    by 0x49CF82C: UnknownInlinedFun (vfprintf-internal.c:354)
==1267440==    by 0x49CF82C: __vfprintf_internal (vfprintf-internal.c:1558)
==1267440==    by 0x49B8A6E: printf (printf.c:33)
==1267440==    by 0x401ED2: main (hw2.c:280)
==1267440== 
==1267440== Use of uninitialised value of size 8
==1267440==    at 0x49ADB2C: __mpn_lshift (lshift.S:59)
==1267440==    by 0x49B4F22: __printf_fp_l (printf_fp.c:471)
==1267440==    by 0x49CF82C: UnknownInlinedFun (vfprintf-internal.c:354)
==1267440==    by 0x49CF82C: __vfprintf_internal (vfprintf-internal.c:1558)
==1267440==    by 0x49B8A6E: printf (printf.c:33)
==1267440==    by 0x401ED2: main (hw2.c:280)
==1267440== 
==1267440== Use of uninitialised value of size 8
==1267440==    at 0x49ADB2F: __mpn_lshift (lshift.S:60)
==1267440==    by 0x49B4F22: __printf_fp_l (printf_fp.c:471)
==1267440==    by 0x49CF82C: UnknownInlinedFun (vfprintf-internal.c:354)
==1267440==    by 0x49CF82C: __vfprintf_internal (vfprintf-internal.c:1558)
==1267440==    by 0x49B8A6E: printf (printf.c:33)
==1267440==    by 0x401ED2: main (hw2.c:280)
==1267440== 
==1267440== Conditional jump or move depends on uninitialised value(s)
==1267440==    at 0x49B4F4E: __printf_fp_l (printf_fp.c:476)
==1267440==    by 0x49CF82C: UnknownInlinedFun (vfprintf-internal.c:354)
==1267440==    by 0x49CF82C: __vfprintf_internal (vfprintf-internal.c:1558)
==1267440==    by 0x49B8A6E: printf (printf.c:33)
==1267440==    by 0x401ED2: main (hw2.c:280)
==1267440== 
==1267440== Use of uninitialised value of size 8
==1267440==    at 0x49B4F66: __printf_fp_l (printf_fp.c:477)
==1267440==    by 0x49CF82C: UnknownInlinedFun (vfprintf-internal.c:354)
==1267440==    by 0x49CF82C: __vfprintf_internal (vfprintf-internal.c:1558)
==1267440==    by 0x49B8A6E: printf (printf.c:33)
==1267440==    by 0x401ED2: main (hw2.c:280)
==1267440== 
==1267440== Conditional jump or move depends on uninitialised value(s)
==1267440==    at 0x49B36B7: __printf_fp_l (printf_fp.c:479)
==1267440==    by 0x49CF82C: UnknownInlinedFun (vfprintf-internal.c:354)
==1267440==    by 0x49CF82C: __vfprintf_internal (vfprintf-internal.c:1558)
==1267440==    by 0x49B8A6E: printf (printf.c:33)
==1267440==    by 0x401ED2: main (hw2.c:280)
==1267440== 
==1267440== Conditional jump or move depends on uninitialised value(s)
==1267440==    at 0x49B377D: __printf_fp_l (printf_fp.c:488)
==1267440==    by 0x49CF82C: UnknownInlinedFun (vfprintf-internal.c:354)
==1267440==    by 0x49CF82C: __vfprintf_internal (vfprintf-internal.c:1558)
==1267440==    by 0x49B8A6E: printf (printf.c:33)
==1267440==    by 0x401ED2: main (hw2.c:280)
==1267440== 
==1267440== Conditional jump or move depends on uninitialised value(s)
==1267440==    at 0x484F2D9: memmove (vg_replace_strmem.c:1385)
==1267440==    by 0x49B373F: __printf_fp_l (printf_fp.c:535)
==1267440==    by 0x49CF82C: UnknownInlinedFun (vfprintf-internal.c:354)
==1267440==    by 0x49CF82C: __vfprintf_internal (vfprintf-internal.c:1558)
==1267440==    by 0x49B8A6E: printf (printf.c:33)
==1267440==    by 0x401ED2: main (hw2.c:280)
==1267440== 
==1267440== Conditional jump or move depends on uninitialised value(s)
==1267440==    at 0x484F2E6: is_overlap (vg_replace_strmem.c:140)
==1267440==    by 0x484F2E6: is_overlap (vg_replace_strmem.c:127)
==1267440==    by 0x484F2E6: memmove (vg_replace_strmem.c:1385)
==1267440==    by 0x49B373F: __printf_fp_l (printf_fp.c:535)
==1267440==    by 0x49CF82C: UnknownInlinedFun (vfprintf-internal.c:354)
==1267440==    by 0x49CF82C: __vfprintf_internal (vfprintf-internal.c:1558)
==1267440==    by 0x49B8A6E: printf (printf.c:33)
==1267440==    by 0x401ED2: main (hw2.c:280)
==1267440== 
==1267440== Conditional jump or move depends on uninitialised value(s)
==1267440==    at 0x484F2F3: memmove (vg_replace_strmem.c:1385)
==1267440==    by 0x49B373F: __printf_fp_l (printf_fp.c:535)
==1267440==    by 0x49CF82C: UnknownInlinedFun (vfprintf-internal.c:354)
==1267440==    by 0x49CF82C: __vfprintf_internal (vfprintf-internal.c:1558)
==1267440==    by 0x49B8A6E: printf (printf.c:33)
==1267440==    by 0x401ED2: main (hw2.c:280)
==1267440== 
==1267440== Use of uninitialised value of size 8
==1267440==    at 0x484F3C1: memmove (vg_replace_strmem.c:1385)
==1267440==    by 0x49B373F: __printf_fp_l (printf_fp.c:535)
==1267440==    by 0x49CF82C: UnknownInlinedFun (vfprintf-internal.c:354)
==1267440==    by 0x49CF82C: __vfprintf_internal (vfprintf-internal.c:1558)
==1267440==    by 0x49B8A6E: printf (printf.c:33)
==1267440==    by 0x401ED2: main (hw2.c:280)
==1267440== 
==1267440== Conditional jump or move depends on uninitialised value(s)
==1267440==    at 0x49B374B: __printf_fp_l (printf_fp.c:551)
==1267440==    by 0x49CF82C: UnknownInlinedFun (vfprintf-internal.c:354)
==1267440==    by 0x49CF82C: __vfprintf_internal (vfprintf-internal.c:1558)
==1267440==    by 0x49B8A6E: printf (printf.c:33)
==1267440==    by 0x401ED2: main (hw2.c:280)
==1267440== 
==1267440== Conditional jump or move depends on uninitialised value(s)
==1267440==    at 0x49B3751: __printf_fp_l (printf_fp.c:551)
==1267440==    by 0x49CF82C: UnknownInlinedFun (vfprintf-internal.c:354)
==1267440==    by 0x49CF82C: __vfprintf_internal (vfprintf-internal.c:1558)
==1267440==    by 0x49B8A6E: printf (printf.c:33)
==1267440==    by 0x401ED2: main (hw2.c:280)
==1267440== 
==1267440== Use of uninitialised value of size 8
==1267440==    at 0x49AD5E6: __mpn_cmp (cmp.c:37)
==1267440==    by 0x49B45DF: __printf_fp_l (printf_fp.c:551)
==1267440==    by 0x49CF82C: UnknownInlinedFun (vfprintf-internal.c:354)
==1267440==    by 0x49CF82C: __vfprintf_internal (vfprintf-internal.c:1558)
==1267440==    by 0x49B8A6E: printf (printf.c:33)
==1267440==    by 0x401ED2: main (hw2.c:280)
==1267440== 
==1267440== Use of uninitialised value of size 8
==1267440==    at 0x49AD5EA: __mpn_cmp (cmp.c:38)
==1267440==    by 0x49B45DF: __printf_fp_l (printf_fp.c:551)
==1267440==    by 0x49CF82C: UnknownInlinedFun (vfprintf-internal.c:354)
==1267440==    by 0x49CF82C: __vfprintf_internal (vfprintf-internal.c:1558)
==1267440==    by 0x49B8A6E: printf (printf.c:33)
==1267440==    by 0x401ED2: main (hw2.c:280)
==1267440== 
==1267440== Conditional jump or move depends on uninitialised value(s)
==1267440==    at 0x49AD5F1: __mpn_cmp (cmp.c:39)
==1267440==    by 0x49B45DF: __printf_fp_l (printf_fp.c:551)
==1267440==    by 0x49CF82C: UnknownInlinedFun (vfprintf-internal.c:354)
==1267440==    by 0x49CF82C: __vfprintf_internal (vfprintf-internal.c:1558)
==1267440==    by 0x49B8A6E: printf (printf.c:33)
==1267440==    by 0x401ED2: main (hw2.c:280)
==1267440== 
==1267440== Conditional jump or move depends on uninitialised value(s)
==1267440==    at 0x49B45E2: __printf_fp_l (printf_fp.c:551)
==1267440==    by 0x49CF82C: UnknownInlinedFun (vfprintf-internal.c:354)
==1267440==    by 0x49CF82C: __vfprintf_internal (vfprintf-internal.c:1558)
==1267440==    by 0x49B8A6E: printf (printf.c:33)
==1267440==    by 0x401ED2: main (hw2.c:280)
==1267440== 
==1267440== Conditional jump or move depends on uninitialised value(s)
==1267440==    at 0x484F2D9: memmove (vg_replace_strmem.c:1385)
==1267440==    by 0x49B37E4: __printf_fp_l (printf_fp.c:554)
==1267440==    by 0x49CF82C: UnknownInlinedFun (vfprintf-internal.c:354)
==1267440==    by 0x49CF82C: __vfprintf_internal (vfprintf-internal.c:1558)
==1267440==    by 0x49B8A6E: printf (printf.c:33)
==1267440==    by 0x401ED2: main (hw2.c:280)
==1267440== 
==1267440== Use of uninitialised value of size 8
==1267440==    at 0x484F3BE: memmove (vg_replace_strmem.c:1385)
==1267440==    by 0x49B37E4: __printf_fp_l (printf_fp.c:554)
==1267440==    by 0x49CF82C: UnknownInlinedFun (vfprintf-internal.c:354)
==1267440==    by 0x49CF82C: __vfprintf_internal (vfprintf-internal.c:1558)
==1267440==    by 0x49B8A6E: printf (printf.c:33)
==1267440==    by 0x401ED2: main (hw2.c:280)
==1267440== 
==1267440== Use of uninitialised value of size 8
==1267440==    at 0x484F3C1: memmove (vg_replace_strmem.c:1385)
==1267440==    by 0x49B37E4: __printf_fp_l (printf_fp.c:554)
==1267440==    by 0x49CF82C: UnknownInlinedFun (vfprintf-internal.c:354)
==1267440==    by 0x49CF82C: __vfprintf_internal (vfprintf-internal.c:1558)
==1267440==    by 0x49B8A6E: printf (printf.c:33)
==1267440==    by 0x401ED2: main (hw2.c:280)
==1267440== 
==1267440== Conditional jump or move depends on uninitialised value(s)
==1267440==    at 0x484F3CC: memmove (vg_replace_strmem.c:1385)
==1267440==    by 0x49B37E4: __printf_fp_l (printf_fp.c:554)
==1267440==    by 0x49CF82C: UnknownInlinedFun (vfprintf-internal.c:354)
==1267440==    by 0x49CF82C: __vfprintf_internal (vfprintf-internal.c:1558)
==1267440==    by 0x49B8A6E: printf (printf.c:33)
==1267440==    by 0x401ED2: main (hw2.c:280)
==1267440== 
==1267440== Use of uninitialised value of size 8
==1267440==    at 0x49B37ED: __printf_fp_l (printf_fp.c:555)
==1267440==    by 0x49CF82C: UnknownInlinedFun (vfprintf-internal.c:354)
==1267440==    by 0x49CF82C: __vfprintf_internal (vfprintf-internal.c:1558)
==1267440==    by 0x49B8A6E: printf (printf.c:33)
==1267440==    by 0x401ED2: main (hw2.c:280)
==1267440== 
==1267440== Use of uninitialised value of size 8
==1267440==    at 0x49AE1B8: __mpn_mul_1 (mul_1.S:36)
==1267440==    by 0x49ADFD0: __mpn_mul (mul.c:81)
==1267440==    by 0x49B37A7: __printf_fp_l (printf_fp.c:541)
==1267440==    by 0x49CF82C: UnknownInlinedFun (vfprintf-internal.c:354)
==1267440==    by 0x49CF82C: __vfprintf_internal (vfprintf-internal.c:1558)
==1267440==    by 0x49B8A6E: printf (printf.c:33)
==1267440==    by 0x401ED2: main (hw2.c:280)
==1267440== 
==1267440== Use of uninitialised value of size 8
==1267440==    at 0x49AE243: __mpn_mul_1 (mul_1.S:85)
==1267440==    by 0x49ADFD0: __mpn_mul (mul.c:81)
==1267440==    by 0x49B37A7: __printf_fp_l (printf_fp.c:541)
==1267440==    by 0x49CF82C: UnknownInlinedFun (vfprintf-internal.c:354)
==1267440==    by 0x49CF82C: __vfprintf_internal (vfprintf-internal.c:1558)
==1267440==    by 0x49B8A6E: printf (printf.c:33)
==1267440==    by 0x401ED2: main (hw2.c:280)
==1267440== 
==1267440== Use of uninitialised value of size 8
==1267440==    at 0x49AE2B2: __mpn_mul_1 (mul_1.S:117)
==1267440==    by 0x49ADFD0: __mpn_mul (mul.c:81)
==1267440==    by 0x49B37A7: __printf_fp_l (printf_fp.c:541)
==1267440==    by 0x49CF82C: UnknownInlinedFun (vfprintf-internal.c:354)
==1267440==    by 0x49CF82C: __vfprintf_internal (vfprintf-internal.c:1558)
==1267440==    by 0x49B8A6E: printf (printf.c:33)
==1267440==    by 0x401ED2: main (hw2.c:280)
==1267440== 
==1267440== Use of uninitialised value of size 8
==1267440==    at 0x49ADFE5: __mpn_mul (mul.c:83)
==1267440==    by 0x49B37A7: __printf_fp_l (printf_fp.c:541)
==1267440==    by 0x49CF82C: UnknownInlinedFun (vfprintf-internal.c:354)
==1267440==    by 0x49CF82C: __vfprintf_internal (vfprintf-internal.c:1558)
==1267440==    by 0x49B8A6E: printf (printf.c:33)
==1267440==    by 0x401ED2: main (hw2.c:280)
==1267440== 
==1267440== Use of uninitialised value of size 8
==1267440==    at 0x49B3839: __printf_fp_l (printf_fp.c:577)
==1267440==    by 0x49CF82C: UnknownInlinedFun (vfprintf-internal.c:354)
==1267440==    by 0x49CF82C: __vfprintf_internal (vfprintf-internal.c:1558)
==1267440==    by 0x49B8A6E: printf (printf.c:33)
==1267440==    by 0x401ED2: main (hw2.c:280)
==1267440== 
==1267440== Use of uninitialised value of size 8
==1267440==    at 0x49B383E: __printf_fp_l (printf_fp.c:573)
==1267440==    by 0x49CF82C: UnknownInlinedFun (vfprintf-internal.c:354)
==1267440==    by 0x49CF82C: __vfprintf_internal (vfprintf-internal.c:1558)
==1267440==    by 0x49B8A6E: printf (printf.c:33)
==1267440==    by 0x401ED2: main (hw2.c:280)
==1267440== 
==1267440== Use of uninitialised value of size 8
==1267440==    at 0x49B3862: __printf_fp_l (printf_fp.c:573)
==1267440==    by 0x49CF82C: UnknownInlinedFun (vfprintf-internal.c:354)
==1267440==    by 0x49CF82C: __vfprintf_internal (vfprintf-internal.c:1558)
==1267440==    by 0x49B8A6E: printf (printf.c:33)
==1267440==    by 0x401ED2: main (hw2.c:280)
==1267440== 
==1267440== Conditional jump or move depends on uninitialised value(s)
==1267440==    at 0x49B3889: __printf_fp_l (printf_fp.c:573)
==1267440==    by 0x49CF82C: UnknownInlinedFun (vfprintf-internal.c:354)
==1267440==    by 0x49CF82C: __vfprintf_internal (vfprintf-internal.c:1558)
==1267440==    by 0x49B8A6E: printf (printf.c:33)
==1267440==    by 0x401ED2: main (hw2.c:280)
==1267440== 
==1267440== Use of uninitialised value of size 8
==1267440==    at 0x49B5438: __printf_fp_l (printf_fp.c:605)
==1267440==    by 0x49CF82C: UnknownInlinedFun (vfprintf-internal.c:354)
==1267440==    by 0x49CF82C: __vfprintf_internal (vfprintf-internal.c:1558)
==1267440==    by 0x49B8A6E: printf (printf.c:33)
==1267440==    by 0x401ED2: main (hw2.c:280)
==1267440== 
==1267440== Conditional jump or move depends on uninitialised value(s)
==1267440==    at 0x49B5452: __printf_fp_l (printf_fp.c:608)
==1267440==    by 0x49CF82C: UnknownInlinedFun (vfprintf-internal.c:354)
==1267440==    by 0x49CF82C: __vfprintf_internal (vfprintf-internal.c:1558)
==1267440==    by 0x49B8A6E: printf (printf.c:33)
==1267440==    by 0x401ED2: main (hw2.c:280)
==1267440== 
==1267440== Use of uninitialised value of size 8
==1267440==    at 0x49ADC4C: __mpn_rshift (rshift.S:62)
==1267440==    by 0x49B5466: __printf_fp_l (printf_fp.c:624)
==1267440==    by 0x49CF82C: UnknownInlinedFun (vfprintf-internal.c:354)
==1267440==    by 0x49CF82C: __vfprintf_internal (vfprintf-internal.c:1558)
==1267440==    by 0x49B8A6E: printf (printf.c:33)
==1267440==    by 0x401ED2: main (hw2.c:280)
==1267440== 
==1267440== Use of uninitialised value of size 8
==1267440==    at 0x49ADC71: __mpn_rshift (rshift.S:73)
==1267440==    by 0x49B5466: __printf_fp_l (printf_fp.c:624)
==1267440==    by 0x49CF82C: UnknownInlinedFun (vfprintf-internal.c:354)
==1267440==    by 0x49CF82C: __vfprintf_internal (vfprintf-internal.c:1558)
==1267440==    by 0x49B8A6E: printf (printf.c:33)
==1267440==    by 0x401ED2: main (hw2.c:280)
==1267440== 
==1267440== Conditional jump or move depends on uninitialised value(s)
==1267440==    at 0x49ADBF9: __mpn_rshift (rshift.S:31)
==1267440==    by 0x49B548A: __printf_fp_l (printf_fp.c:627)
==1267440==    by 0x49CF82C: UnknownInlinedFun (vfprintf-internal.c:354)
==1267440==    by 0x49CF82C: __vfprintf_internal (vfprintf-internal.c:1558)
==1267440==    by 0x49B8A6E: printf (printf.c:33)
==1267440==    by 0x401ED2: main (hw2.c:280)
==1267440== 
==1267440== Conditional jump or move depends on uninitialised value(s)
==1267440==    at 0x49ADC20: __mpn_rshift (rshift.S:45)
==1267440==    by 0x49B548A: __printf_fp_l (printf_fp.c:627)
==1267440==    by 0x49CF82C: UnknownInlinedFun (vfprintf-internal.c:354)
==1267440==    by 0x49CF82C: __vfprintf_internal (vfprintf-internal.c:1558)
==1267440==    by 0x49B8A6E: printf (printf.c:33)
==1267440==    by 0x401ED2: main (hw2.c:280)
==1267440== 
==1267440== Conditional jump or move depends on uninitialised value(s)
==1267440==    at 0x49ADC4A: __mpn_rshift (rshift.S:61)
==1267440==    by 0x49B548A: __printf_fp_l (printf_fp.c:627)
==1267440==    by 0x49CF82C: UnknownInlinedFun (vfprintf-internal.c:354)
==1267440==    by 0x49CF82C: __vfprintf_internal (vfprintf-internal.c:1558)
==1267440==    by 0x49B8A6E: printf (printf.c:33)
==1267440==    by 0x401ED2: main (hw2.c:280)
==1267440== 
==1267440== Use of uninitialised value of size 8
==1267440==    at 0x49ADC4C: __mpn_rshift (rshift.S:62)
==1267440==    by 0x49B548A: __printf_fp_l (printf_fp.c:627)
==1267440==    by 0x49CF82C: UnknownInlinedFun (vfprintf-internal.c:354)
==1267440==    by 0x49CF82C: __vfprintf_internal (vfprintf-internal.c:1558)
==1267440==    by 0x49B8A6E: printf (printf.c:33)
==1267440==    by 0x401ED2: main (hw2.c:280)
==1267440== 
==1267440== Conditional jump or move depends on uninitialised value(s)
==1267440==    at 0x49ADC5D: __mpn_rshift (rshift.S:67)
==1267440==    by 0x49B548A: __printf_fp_l (printf_fp.c:627)
==1267440==    by 0x49CF82C: UnknownInlinedFun (vfprintf-internal.c:354)
==1267440==    by 0x49CF82C: __vfprintf_internal (vfprintf-internal.c:1558)
==1267440==    by 0x49B8A6E: printf (printf.c:33)
==1267440==    by 0x401ED2: main (hw2.c:280)
==1267440== 
==1267440== Use of uninitialised value of size 8
==1267440==    at 0x49ADC71: __mpn_rshift (rshift.S:73)
==1267440==    by 0x49B548A: __printf_fp_l (printf_fp.c:627)
==1267440==    by 0x49CF82C: UnknownInlinedFun (vfprintf-internal.c:354)
==1267440==    by 0x49CF82C: __vfprintf_internal (vfprintf-internal.c:1558)
==1267440==    by 0x49B8A6E: printf (printf.c:33)
==1267440==    by 0x401ED2: main (hw2.c:280)
==1267440== 
==1267440== Use of uninitialised value of size 8
==1267440==    at 0x49B549F: __printf_fp_l (printf_fp.c:629)
==1267440==    by 0x49CF82C: UnknownInlinedFun (vfprintf-internal.c:354)
==1267440==    by 0x49CF82C: __vfprintf_internal (vfprintf-internal.c:1558)
==1267440==    by 0x49B8A6E: printf (printf.c:33)
==1267440==    by 0x401ED2: main (hw2.c:280)
==1267440== 
==1267440== Conditional jump or move depends on uninitialised value(s)
==1267440==    at 0x49B54A5: __printf_fp_l (printf_fp.c:629)
==1267440==    by 0x49CF82C: UnknownInlinedFun (vfprintf-internal.c:354)
==1267440==    by 0x49CF82C: __vfprintf_internal (vfprintf-internal.c:1558)
==1267440==    by 0x49B8A6E: printf (printf.c:33)
==1267440==    by 0x401ED2: main (hw2.c:280)
==1267440== 
==1267440== Conditional jump or move depends on uninitialised value(s)
==1267440==    at 0x49B2AC1: hack_digit (printf_fp.c:183)
==1267440==    by 0x49B3B1B: __printf_fp_l (printf_fp.c:942)
==1267440==    by 0x49CF82C: UnknownInlinedFun (vfprintf-internal.c:354)
==1267440==    by 0x49CF82C: __vfprintf_internal (vfprintf-internal.c:1558)
==1267440==    by 0x49B8A6E: printf (printf.c:33)
==1267440==    by 0x401ED2: main (hw2.c:280)
==1267440== 
==1267440== Use of uninitialised value of size 8
==1267440==    at 0x49AD8B0: __mpn_divrem (divrem.c:62)
==1267440==    by 0x49B2B14: hack_digit (printf_fp.c:187)
==1267440==    by 0x49B3B1B: __printf_fp_l (printf_fp.c:942)
==1267440==    by 0x49CF82C: UnknownInlinedFun (vfprintf-internal.c:354)
==1267440==    by 0x49CF82C: __vfprintf_internal (vfprintf-internal.c:1558)
==1267440==    by 0x49B8A6E: printf (printf.c:33)
==1267440==    by 0x401ED2: main (hw2.c:280)
==1267440== 
==1267440== Use of uninitialised value of size 8
==1267440==    at 0x49AD8B3: __mpn_divrem (divrem.c:63)
==1267440==    by 0x49B2B14: hack_digit (printf_fp.c:187)
==1267440==    by 0x49B3B1B: __printf_fp_l (printf_fp.c:942)
==1267440==    by 0x49CF82C: UnknownInlinedFun (vfprintf-internal.c:354)
==1267440==    by 0x49CF82C: __vfprintf_internal (vfprintf-internal.c:1558)
==1267440==    by 0x49B8A6E: printf (printf.c:33)
==1267440==    by 0x401ED2: main (hw2.c:280)
==1267440== 
==1267440== Conditional jump or move depends on uninitialised value(s)
==1267440==    at 0x49AD8C4: __mpn_divrem (divrem.c:65)
==1267440==    by 0x49B2B14: hack_digit (printf_fp.c:187)
==1267440==    by 0x49B3B1B: __printf_fp_l (printf_fp.c:942)
==1267440==    by 0x49CF82C: UnknownInlinedFun (vfprintf-internal.c:354)
==1267440==    by 0x49CF82C: __vfprintf_internal (vfprintf-internal.c:1558)
==1267440==    by 0x49B8A6E: printf (printf.c:33)
==1267440==    by 0x401ED2: main (hw2.c:280)
==1267440== 
==1267440== Conditional jump or move depends on uninitialised value(s)
==1267440==    at 0x49AD8D1: __mpn_divrem (divrem.c:72)
==1267440==    by 0x49B2B14: hack_digit (printf_fp.c:187)
==1267440==    by 0x49B3B1B: __printf_fp_l (printf_fp.c:942)
==1267440==    by 0x49CF82C: UnknownInlinedFun (vfprintf-internal.c:354)
==1267440==    by 0x49CF82C: __vfprintf_internal (vfprintf-internal.c:1558)
==1267440==    by 0x49B8A6E: printf (printf.c:33)
==1267440==    by 0x401ED2: main (hw2.c:280)
==1267440== 
==1267440== Use of uninitialised value of size 8
==1267440==    at 0x49AD8E0: __mpn_divrem (divrem.c:73)
==1267440==    by 0x49B2B14: hack_digit (printf_fp.c:187)
==1267440==    by 0x49B3B1B: __printf_fp_l (printf_fp.c:942)
==1267440==    by 0x49CF82C: UnknownInlinedFun (vfprintf-internal.c:354)
==1267440==    by 0x49CF82C: __vfprintf_internal (vfprintf-internal.c:1558)
==1267440==    by 0x49B8A6E: printf (printf.c:33)
==1267440==    by 0x401ED2: main (hw2.c:280)
==1267440== 
==1267440== Use of uninitialised value of size 8
==1267440==    at 0x49AD8EF: __mpn_divrem (divrem.c:73)
==1267440==    by 0x49B2B14: hack_digit (printf_fp.c:187)
==1267440==    by 0x49B3B1B: __printf_fp_l (printf_fp.c:942)
==1267440==    by 0x49CF82C: UnknownInlinedFun (vfprintf-internal.c:354)
==1267440==    by 0x49CF82C: __vfprintf_internal (vfprintf-internal.c:1558)
==1267440==    by 0x49B8A6E: printf (printf.c:33)
==1267440==    by 0x401ED2: main (hw2.c:280)
==1267440== 
==1267440== Conditional jump or move depends on uninitialised value(s)
==1267440==    at 0x49AD8F7: __mpn_divrem (divrem.c:72)
==1267440==    by 0x49B2B14: hack_digit (printf_fp.c:187)
==1267440==    by 0x49B3B1B: __printf_fp_l (printf_fp.c:942)
==1267440==    by 0x49CF82C: UnknownInlinedFun (vfprintf-internal.c:354)
==1267440==    by 0x49CF82C: __vfprintf_internal (vfprintf-internal.c:1558)
==1267440==    by 0x49B8A6E: printf (printf.c:33)
==1267440==    by 0x401ED2: main (hw2.c:280)
==1267440== 
==1267440== Use of uninitialised value of size 8
==1267440==    at 0x49AD925: __mpn_divrem (divrem.c:79)
==1267440==    by 0x49B2B14: hack_digit (printf_fp.c:187)
==1267440==    by 0x49B3B1B: __printf_fp_l (printf_fp.c:942)
==1267440==    by 0x49CF82C: UnknownInlinedFun (vfprintf-internal.c:354)
==1267440==    by 0x49CF82C: __vfprintf_internal (vfprintf-internal.c:1558)
==1267440==    by 0x49B8A6E: printf (printf.c:33)
==1267440==    by 0x401ED2: main (hw2.c:280)
==1267440== 
==1267440== Use of uninitialised value of size 8
==1267440==    at 0x49B2B24: hack_digit (printf_fp.c:189)
==1267440==    by 0x49B3B1B: __printf_fp_l (printf_fp.c:942)
==1267440==    by 0x49CF82C: UnknownInlinedFun (vfprintf-internal.c:354)
==1267440==    by 0x49CF82C: __vfprintf_internal (vfprintf-internal.c:1558)
==1267440==    by 0x49B8A6E: printf (printf.c:33)
==1267440==    by 0x401ED2: main (hw2.c:280)
==1267440== 
==1267440== Use of uninitialised value of size 8
==1267440==    at 0x49B2B2C: hack_digit (printf_fp.c:190)
==1267440==    by 0x49B3B1B: __printf_fp_l (printf_fp.c:942)
==1267440==    by 0x49CF82C: UnknownInlinedFun (vfprintf-internal.c:354)
==1267440==    by 0x49CF82C: __vfprintf_internal (vfprintf-internal.c:1558)
==1267440==    by 0x49B8A6E: printf (printf.c:33)
==1267440==    by 0x401ED2: main (hw2.c:280)
==1267440== 
==1267440== Use of uninitialised value of size 8
==1267440==    at 0x49B2B3C: hack_digit (printf_fp.c:193)
==1267440==    by 0x49B3B1B: __printf_fp_l (printf_fp.c:942)
==1267440==    by 0x49CF82C: UnknownInlinedFun (vfprintf-internal.c:354)
==1267440==    by 0x49CF82C: __vfprintf_internal (vfprintf-internal.c:1558)
==1267440==    by 0x49B8A6E: printf (printf.c:33)
==1267440==    by 0x401ED2: main (hw2.c:280)
==1267440== 
==1267440== Conditional jump or move depends on uninitialised value(s)
==1267440==    at 0x49B2B50: hack_digit (printf_fp.c:193)
==1267440==    by 0x49B3B1B: __printf_fp_l (printf_fp.c:942)
==1267440==    by 0x49CF82C: UnknownInlinedFun (vfprintf-internal.c:354)
==1267440==    by 0x49CF82C: __vfprintf_internal (vfprintf-internal.c:1558)
==1267440==    by 0x49B8A6E: printf (printf.c:33)
==1267440==    by 0x401ED2: main (hw2.c:280)
==1267440== 
==1267440== Use of uninitialised value of size 8
==1267440==    at 0x49AE1B8: __mpn_mul_1 (mul_1.S:36)
==1267440==    by 0x49B2AD4: hack_digit (printf_fp.c:204)
==1267440==    by 0x49B3B1B: __printf_fp_l (printf_fp.c:942)
==1267440==    by 0x49CF82C: UnknownInlinedFun (vfprintf-internal.c:354)
==1267440==    by 0x49CF82C: __vfprintf_internal (vfprintf-internal.c:1558)
==1267440==    by 0x49B8A6E: printf (printf.c:33)
==1267440==    by 0x401ED2: main (hw2.c:280)
==1267440== 
==1267440== Use of uninitialised value of size 8
==1267440==    at 0x49AE1DC: __mpn_mul_1 (mul_1.S:52)
==1267440==    by 0x49B2AD4: hack_digit (printf_fp.c:204)
==1267440==    by 0x49B3B1B: __printf_fp_l (printf_fp.c:942)
==1267440==    by 0x49CF82C: UnknownInlinedFun (vfprintf-internal.c:354)
==1267440==    by 0x49CF82C: __vfprintf_internal (vfprintf-internal.c:1558)
==1267440==    by 0x49B8A6E: printf (printf.c:33)
==1267440==    by 0x401ED2: main (hw2.c:280)
==1267440== 
==1267440== Conditional jump or move depends on uninitialised value(s)
==1267440==    at 0x49B2AD8: hack_digit (printf_fp.c:205)
==1267440==    by 0x49B3B1B: __printf_fp_l (printf_fp.c:942)
==1267440==    by 0x49CF82C: UnknownInlinedFun (vfprintf-internal.c:354)
==1267440==    by 0x49CF82C: __vfprintf_internal (vfprintf-internal.c:1558)
==1267440==    by 0x49B8A6E: printf (printf.c:33)
==1267440==    by 0x401ED2: main (hw2.c:280)
==1267440== 
==1267440== Use of uninitialised value of size 8
==1267440==    at 0x49B2AEA: hack_digit (printf_fp.c:206)
==1267440==    by 0x49B3B1B: __printf_fp_l (printf_fp.c:942)
==1267440==    by 0x49CF82C: UnknownInlinedFun (vfprintf-internal.c:354)
==1267440==    by 0x49CF82C: __vfprintf_internal (vfprintf-internal.c:1558)
==1267440==    by 0x49B8A6E: printf (printf.c:33)
==1267440==    by 0x401ED2: main (hw2.c:280)
==1267440== 
==1267440== Use of uninitialised value of size 8
==1267440==    at 0x49B2B24: hack_digit (printf_fp.c:189)
==1267440==    by 0x49B3BC4: __printf_fp_l (printf_fp.c:966)
==1267440==    by 0x49CF82C: UnknownInlinedFun (vfprintf-internal.c:354)
==1267440==    by 0x49CF82C: __vfprintf_internal (vfprintf-internal.c:1558)
==1267440==    by 0x49B8A6E: printf (printf.c:33)
==1267440==    by 0x401ED2: main (hw2.c:280)
==1267440== 
==1267440== Use of uninitialised value of size 8
==1267440==    at 0x49B2B2C: hack_digit (printf_fp.c:190)
==1267440==    by 0x49B3BC4: __printf_fp_l (printf_fp.c:966)
==1267440==    by 0x49CF82C: UnknownInlinedFun (vfprintf-internal.c:354)
==1267440==    by 0x49CF82C: __vfprintf_internal (vfprintf-internal.c:1558)
==1267440==    by 0x49B8A6E: printf (printf.c:33)
==1267440==    by 0x401ED2: main (hw2.c:280)
==1267440== 
==1267440== Use of uninitialised value of size 8
==1267440==    at 0x49B2B3C: hack_digit (printf_fp.c:193)
==1267440==    by 0x49B3BC4: __printf_fp_l (printf_fp.c:966)
==1267440==    by 0x49CF82C: UnknownInlinedFun (vfprintf-internal.c:354)
==1267440==    by 0x49CF82C: __vfprintf_internal (vfprintf-internal.c:1558)
==1267440==    by 0x49B8A6E: printf (printf.c:33)
==1267440==    by 0x401ED2: main (hw2.c:280)
==1267440== 
==1267440== Conditional jump or move depends on uninitialised value(s)
==1267440==    at 0x49B2B50: hack_digit (printf_fp.c:193)
==1267440==    by 0x49B3BC4: __printf_fp_l (printf_fp.c:966)
==1267440==    by 0x49CF82C: UnknownInlinedFun (vfprintf-internal.c:354)
==1267440==    by 0x49CF82C: __vfprintf_internal (vfprintf-internal.c:1558)
==1267440==    by 0x49B8A6E: printf (printf.c:33)
==1267440==    by 0x401ED2: main (hw2.c:280)
==1267440== 
==1267440== Conditional jump or move depends on uninitialised value(s)
==1267440==    at 0x49B2AD8: hack_digit (printf_fp.c:205)
==1267440==    by 0x49B3BC4: __printf_fp_l (printf_fp.c:966)
==1267440==    by 0x49CF82C: UnknownInlinedFun (vfprintf-internal.c:354)
==1267440==    by 0x49CF82C: __vfprintf_internal (vfprintf-internal.c:1558)
==1267440==    by 0x49B8A6E: printf (printf.c:33)
==1267440==    by 0x401ED2: main (hw2.c:280)
==1267440== 
==1267440== Use of uninitialised value of size 8
==1267440==    at 0x49B2AEA: hack_digit (printf_fp.c:206)
==1267440==    by 0x49B3BC4: __printf_fp_l (printf_fp.c:966)
==1267440==    by 0x49CF82C: UnknownInlinedFun (vfprintf-internal.c:354)
==1267440==    by 0x49CF82C: __vfprintf_internal (vfprintf-internal.c:1558)
==1267440==    by 0x49B8A6E: printf (printf.c:33)
==1267440==    by 0x401ED2: main (hw2.c:280)
==1267440== 
==1267440== Conditional jump or move depends on uninitialised value(s)
==1267440==    at 0x49B3F00: __printf_fp_l (printf_fp.c:978)
==1267440==    by 0x49CF82C: UnknownInlinedFun (vfprintf-internal.c:354)
==1267440==    by 0x49CF82C: __vfprintf_internal (vfprintf-internal.c:1558)
==1267440==    by 0x49B8A6E: printf (printf.c:33)
==1267440==    by 0x401ED2: main (hw2.c:280)
==1267440== 
==1267440== Use of uninitialised value of size 8
==1267440==    at 0x49B2B24: hack_digit (printf_fp.c:189)
==1267440==    by 0x49B3F1E: __printf_fp_l (printf_fp.c:979)
==1267440==    by 0x49CF82C: UnknownInlinedFun (vfprintf-internal.c:354)
==1267440==    by 0x49CF82C: __vfprintf_internal (vfprintf-internal.c:1558)
==1267440==    by 0x49B8A6E: printf (printf.c:33)
==1267440==    by 0x401ED2: main (hw2.c:280)
==1267440== 
==1267440== Use of uninitialised value of size 8
==1267440==    at 0x49B2B2C: hack_digit (printf_fp.c:190)
==1267440==    by 0x49B3F1E: __printf_fp_l (printf_fp.c:979)
==1267440==    by 0x49CF82C: UnknownInlinedFun (vfprintf-internal.c:354)
==1267440==    by 0x49CF82C: __vfprintf_internal (vfprintf-internal.c:1558)
==1267440==    by 0x49B8A6E: printf (printf.c:33)
==1267440==    by 0x401ED2: main (hw2.c:280)
==1267440== 
==1267440== Use of uninitialised value of size 8
==1267440==    at 0x49B2B3C: hack_digit (printf_fp.c:193)
==1267440==    by 0x49B3F1E: __printf_fp_l (printf_fp.c:979)
==1267440==    by 0x49CF82C: UnknownInlinedFun (vfprintf-internal.c:354)
==1267440==    by 0x49CF82C: __vfprintf_internal (vfprintf-internal.c:1558)
==1267440==    by 0x49B8A6E: printf (printf.c:33)
==1267440==    by 0x401ED2: main (hw2.c:280)
==1267440== 
==1267440== Conditional jump or move depends on uninitialised value(s)
==1267440==    at 0x49B2B50: hack_digit (printf_fp.c:193)
==1267440==    by 0x49B3F1E: __printf_fp_l (printf_fp.c:979)
==1267440==    by 0x49CF82C: UnknownInlinedFun (vfprintf-internal.c:354)
==1267440==    by 0x49CF82C: __vfprintf_internal (vfprintf-internal.c:1558)
==1267440==    by 0x49B8A6E: printf (printf.c:33)
==1267440==    by 0x401ED2: main (hw2.c:280)
==1267440== 
==1267440== Conditional jump or move depends on uninitialised value(s)
==1267440==    at 0x49B2AD8: hack_digit (printf_fp.c:205)
==1267440==    by 0x49B3F1E: __printf_fp_l (printf_fp.c:979)
==1267440==    by 0x49CF82C: UnknownInlinedFun (vfprintf-internal.c:354)
==1267440==    by 0x49CF82C: __vfprintf_internal (vfprintf-internal.c:1558)
==1267440==    by 0x49B8A6E: printf (printf.c:33)
==1267440==    by 0x401ED2: main (hw2.c:280)
==1267440== 
==1267440== Use of uninitialised value of size 8
==1267440==    at 0x49B2AEA: hack_digit (printf_fp.c:206)
==1267440==    by 0x49B3F1E: __printf_fp_l (printf_fp.c:979)
==1267440==    by 0x49CF82C: UnknownInlinedFun (vfprintf-internal.c:354)
==1267440==    by 0x49CF82C: __vfprintf_internal (vfprintf-internal.c:1558)
==1267440==    by 0x49B8A6E: printf (printf.c:33)
==1267440==    by 0x401ED2: main (hw2.c:280)
==1267440== 
==1267440== Conditional jump or move depends on uninitialised value(s)
==1267440==    at 0x49B3F3E: __printf_fp_l (printf_fp.c:981)
==1267440==    by 0x49CF82C: UnknownInlinedFun (vfprintf-internal.c:354)
==1267440==    by 0x49CF82C: __vfprintf_internal (vfprintf-internal.c:1558)
==1267440==    by 0x49B8A6E: printf (printf.c:33)
==1267440==    by 0x401ED2: main (hw2.c:280)
==1267440== 
==1267440== Conditional jump or move depends on uninitialised value(s)
==1267440==    at 0x49B3FB1: UnknownInlinedFun (rounding-mode.h:52)
==1267440==    by 0x49B3FB1: __printf_fp_l (printf_fp.c:998)
==1267440==    by 0x49CF82C: UnknownInlinedFun (vfprintf-internal.c:354)
==1267440==    by 0x49CF82C: __vfprintf_internal (vfprintf-internal.c:1558)
==1267440==    by 0x49B8A6E: printf (printf.c:33)
==1267440==    by 0x401ED2: main (hw2.c:280)
==1267440== 
==1267440== Conditional jump or move depends on uninitialised value(s)
==1267440==    at 0x49B4234: __printf_fp_l (printf_fp.c:1166)
==1267440==    by 0x49CF82C: UnknownInlinedFun (vfprintf-internal.c:354)
==1267440==    by 0x49CF82C: __vfprintf_internal (vfprintf-internal.c:1558)
==1267440==    by 0x49B8A6E: printf (printf.c:33)
==1267440==    by 0x401ED2: main (hw2.c:280)
==1267440== 
==1267440== Conditional jump or move depends on uninitialised value(s)
==1267440==    at 0x49B5423: __printf_fp_l (printf_fp.c:1173)
==1267440==    by 0x49CF82C: UnknownInlinedFun (vfprintf-internal.c:354)
==1267440==    by 0x49CF82C: __vfprintf_internal (vfprintf-internal.c:1558)
==1267440==    by 0x49B8A6E: printf (printf.c:33)
==1267440==    by 0x401ED2: main (hw2.c:280)
==1267440== 
==1267440== Conditional jump or move depends on uninitialised value(s)
==1267440==    at 0x49B47FA: __printf_fp_l (printf_fp.c:1228)
==1267440==    by 0x49CF82C: UnknownInlinedFun (vfprintf-internal.c:354)
==1267440==    by 0x49CF82C: __vfprintf_internal (vfprintf-internal.c:1558)
==1267440==    by 0x49B8A6E: printf (printf.c:33)
==1267440==    by 0x401ED2: main (hw2.c:280)
==1267440== 
==1267440== Conditional jump or move depends on uninitialised value(s)
==1267440==    at 0x49B47E3: __printf_fp_l (printf_fp.c:1230)
==1267440==    by 0x49CF82C: UnknownInlinedFun (vfprintf-internal.c:354)
==1267440==    by 0x49CF82C: __vfprintf_internal (vfprintf-internal.c:1558)
==1267440==    by 0x49B8A6E: printf (printf.c:33)
==1267440==    by 0x401ED2: main (hw2.c:280)
==1267440== 
==1267440== Syscall param write(buf) points to uninitialised byte(s)
==1267440==    at 0x4A5FC57: write (write.c:26)
==1267440==    by 0x49E29CC: _IO_file_write@@GLIBC_2.2.5 (fileops.c:1180)
==1267440==    by 0x49E1D6F: new_do_write (fileops.c:448)
==1267440==    by 0x49E3A38: _IO_do_write@@GLIBC_2.2.5 (fileops.c:425)
==1267440==    by 0x49E544D: _IO_flush_all_lockp (genops.c:706)
==1267440==    by 0x49E560D: _IO_cleanup (genops.c:866)
==1267440==    by 0x499F131: __run_exit_handlers (exit.c:134)
==1267440==    by 0x499F1FF: exit (exit.c:143)
==1267440==    by 0x4987556: (below main) (libc_start_call_main.h:74)
==1267440==  Address 0x4b64878 is 24 bytes inside a block of size 4,096 alloc'd
==1267440==    at 0x484586F: malloc (vg_replace_malloc.c:381)
==1267440==    by 0x49D6F03: _IO_file_doallocate (filedoalloc.c:101)
==1267440==    by 0x49E4B3F: _IO_doallocbuf (genops.c:347)
==1267440==    by 0x49E4B3F: _IO_doallocbuf (genops.c:342)
==1267440==    by 0x49E3ED7: _IO_file_overflow@@GLIBC_2.2.5 (fileops.c:744)
==1267440==    by 0x49E307D: _IO_new_file_xsputn (fileops.c:1243)
==1267440==    by 0x49E307D: _IO_file_xsputn@@GLIBC_2.2.5 (fileops.c:1196)
==1267440==    by 0x49CDC31: outstring_func (vfprintf-internal.c:239)
==1267440==    by 0x49CDC31: __vfprintf_internal (vfprintf-internal.c:1263)
==1267440==    by 0x49B8A6E: printf (printf.c:33)
==1267440==    by 0x401DFE: main (hw2.c:273)
==1267440== 
